<?xml version="1.0" encoding="UTF-8"?>
<!-- Generated by org.testng.reporters.JUnitReportReporter -->
<testsuite skipped="0" hostname="MRMIOMP1697" name="sample.tests.AppTest" tests="1" failures="0" timestamp="01 Nov 2019 15:08:43 GMT" time="13.699" errors="0">
  <testcase name="test" time="13.699" classname="sample.tests.AppTest"/>
</testsuite> <!-- sample.tests.AppTest -->
